#
# There is insufficient memory for the Java Runtime Environment to continue.
# Native memory allocation (malloc) failed to allocate 1048576 bytes for AllocateHeap
# Possible reasons:
#   The system is out of physical RAM or swap space
#   The process is running with CompressedOops enabled, and the Java Heap may be blocking the growth of the native heap
# Possible solutions:
#   Reduce memory load on the system
#   Increase physical memory or swap space
#   Check if swap backing store is full
#   Decrease Java heap size (-Xmx/-Xms)
#   Decrease number of Java threads
#   Decrease Java thread stack sizes (-Xss)
#   Set larger code cache with -XX:ReservedCodeCacheSize=
# This output file may be truncated or incomplete.
#
#  Out of Memory Error (memory/allocation.inline.hpp:62), pid=2884, tid=10516
#
# JRE version:  (9.0+11) (build )
# Java VM: Java HotSpot(TM) 64-Bit Server VM (9.0.1+11, mixed mode, tiered, compressed oops, g1 gc, windows-amd64)
# No core dump will be written. Minidumps are not enabled by default on client versions of Windows
#

---------------  S U M M A R Y ------------

Command Line: -Dfile.encoding=Cp1252 LinearRegressionAnalysis

Host: Intel(R) Core(TM) i3-4005U CPU @ 1.70GHz, 4 cores, 3G,  Windows 10 , 64 bit Build 17134 (10.0.17134.1)
Time: Fri Aug 31 23:29:40 2018 Nepal Standard Time elapsed time: 0 seconds (0d 0h 0m 0s)

---------------  T H R E A D  ---------------

Current thread (0x00000217ef660000):  JavaThread "Unknown thread" [_thread_in_vm, id=10516, stack(0x000000d5b6a00000,0x000000d5b6b00000)]

Stack: [0x000000d5b6a00000,0x000000d5b6b00000]
Native frames: (J=compiled Java code, j=interpreted, Vv=VM code, C=native code)
V  [jvm.dll+0x5870b8]
V  [jvm.dll+0x69c0ee]
V  [jvm.dll+0x69d00a]
V  [jvm.dll+0x69d643]
V  [jvm.dll+0x21d148]
V  [jvm.dll+0x204527]
V  [jvm.dll+0x2b4865]
V  [jvm.dll+0x2aedf7]
V  [jvm.dll+0x67b1ed]
V  [jvm.dll+0x67c5ac]
V  [jvm.dll+0x3269c9]
V  [jvm.dll+0x6653ee]
V  [jvm.dll+0x391931]
V  [jvm.dll+0x3938e1]
C  [javaw.exe+0x3501]
C  [javaw.exe+0xe25f]
C  [javaw.exe+0xe406]
C  [KERNEL32.DLL+0x13034]
C  [ntdll.dll+0x71431]


---------------  P R O C E S S  ---------------

Java Threads: ( => current thread )

Other Threads:
  0x00000217ef678000 GCTaskThread "GC Thread#0" [stack: 0x000000d5b6b00000,0x000000d5b6c00000] [id=9532]
  0x00000217ef679000 GCTaskThread "GC Thread#1" [stack: 0x000000d5b6c00000,0x000000d5b6d00000] [id=12180]
  0x00000217ef67c000 GCTaskThread "GC Thread#2" [stack: 0x000000d5b6d00000,0x000000d5b6e00000] [id=8292]
  0x00000217ef67f000 GCTaskThread "GC Thread#3" [stack: 0x000000d5b6e00000,0x000000d5b6f00000] [id=1308]

[error occurred during error reporting (printing all threads), id 0xe0000001]

VM state:not at safepoint (not fully initialized)

VM Mutex/Monitor currently owned by a thread:  ([mutex/lock_event])
[0x00000217ef65e160] Heap_lock - owner thread: 0x00000217ef660000

Heap address: 0x00000000c1200000, size: 1006 MB, Compressed Oops mode: Non-zero based: 0x00000000c1200000
Narrow klass base: 0x0000000000000000, Narrow klass shift: 0

GC Heap History (0 events):
No events

Deoptimization events (0 events):
No events

Classes redefined (0 events):
No events

Internal exceptions (0 events):
No events

Events (0 events):
No events


Dynamic libraries:
0x00007ff7e9380000 - 0x00007ff7e93be000 	C:\Program Files\Java\jre-9.0.1\bin\javaw.exe
0x00007fff03cc0000 - 0x00007fff03ea1000 	C:\WINDOWS\SYSTEM32\ntdll.dll
0x00007fff03650000 - 0x00007fff03702000 	C:\WINDOWS\System32\KERNEL32.DLL
0x00007fff00b10000 - 0x00007fff00d83000 	C:\WINDOWS\System32\KERNELBASE.dll
0x00007fff03be0000 - 0x00007fff03c81000 	C:\WINDOWS\System32\ADVAPI32.dll
0x00007fff03740000 - 0x00007fff037de000 	C:\WINDOWS\System32\msvcrt.dll
0x00007fff01560000 - 0x00007fff015bb000 	C:\WINDOWS\System32\sechost.dll
0x00007fff03520000 - 0x00007fff03644000 	C:\WINDOWS\System32\RPCRT4.dll
0x00007fff01ed0000 - 0x00007fff02060000 	C:\WINDOWS\System32\USER32.dll
0x00007fff00a90000 - 0x00007fff00ab0000 	C:\WINDOWS\System32\win32u.dll
0x00007fff03710000 - 0x00007fff03738000 	C:\WINDOWS\System32\GDI32.dll
0x00007fff00d90000 - 0x00007fff00f22000 	C:\WINDOWS\System32\gdi32full.dll
0x00007fff01030000 - 0x00007fff010cf000 	C:\WINDOWS\System32\msvcp_win.dll
0x00007fff00f30000 - 0x00007fff0102a000 	C:\WINDOWS\System32\ucrtbase.dll
0x00007ffef11a0000 - 0x00007ffef1409000 	C:\WINDOWS\WinSxS\amd64_microsoft.windows.common-controls_6595b64144ccf1df_6.0.17134.228_none_fb4599993062b194\COMCTL32.dll
0x00007fff01ba0000 - 0x00007fff01ec3000 	C:\WINDOWS\System32\combase.dll
0x00007fff010d0000 - 0x00007fff0114a000 	C:\WINDOWS\System32\bcryptPrimitives.dll
0x00007ffeef9b0000 - 0x00007ffeef9ba000 	C:\WINDOWS\SYSTEM32\VERSION.dll
0x00007fff039f0000 - 0x00007fff03a1d000 	C:\WINDOWS\System32\IMM32.DLL
0x00007ffedd0f0000 - 0x00007ffedd1df000 	C:\Program Files\Java\jre-9.0.1\bin\msvcr120.dll
0x00007ffede280000 - 0x00007ffede326000 	C:\Program Files\Java\jre-9.0.1\bin\msvcp120.dll
0x0000000059b80000 - 0x000000005a5a4000 	C:\Program Files\Java\jre-9.0.1\bin\server\jvm.dll
0x00007fff03980000 - 0x00007fff03988000 	C:\WINDOWS\System32\PSAPI.DLL
0x00007ffeefb70000 - 0x00007ffeefb79000 	C:\WINDOWS\SYSTEM32\WSOCK32.dll
0x00007ffefc900000 - 0x00007ffefc923000 	C:\WINDOWS\SYSTEM32\WINMM.dll
0x00007fff037e0000 - 0x00007fff0384c000 	C:\WINDOWS\System32\WS2_32.dll
0x00007ffefc8d0000 - 0x00007ffefc8fa000 	C:\WINDOWS\SYSTEM32\WINMMBASE.dll
0x00007fff00a40000 - 0x00007fff00a89000 	C:\WINDOWS\System32\cfgmgr32.dll
0x00007ffeeda70000 - 0x00007ffeeda7f000 	C:\Program Files\Java\jre-9.0.1\bin\verify.dll
0x00007ffeea780000 - 0x00007ffeea7a7000 	C:\Program Files\Java\jre-9.0.1\bin\java.dll
0x00007ffeeda50000 - 0x00007ffeeda66000 	C:\Program Files\Java\jre-9.0.1\bin\zip.dll
0x00007ffeece80000 - 0x00007ffeece8a000 	C:\Program Files\Java\jre-9.0.1\bin\jimage.dll
0x00007ffeede30000 - 0x00007ffeedff9000 	C:\WINDOWS\SYSTEM32\dbghelp.dll

VM Arguments:
jvm_args: -Dfile.encoding=Cp1252 
java_command: LinearRegressionAnalysis
java_class_path (initial): C:\Users\Deepika\eclipse-workspace\SalesPrediction\bin;C:\Users\Deepika\Desktop\072bct522Assignment2\weka.jar;C:\Users\Deepika\Desktop\072bct522Assignment2\jfreechart-1.0.19\jfreechart-1.0.19\lib\jfreechart-1.0.19.jar;C:\Users\Deepika\Desktop\072bct522Assignment2\jfreechart-1.0.19\jfreechart-1.0.19\lib\jcommon-1.0.23.jar;C:\Users\Deepika\Desktop\072bct522Assignment2\jfreechart-1.0.19\jfreechart-1.0.19\lib\jfreesvg-2.0.jar;C:\Users\Deepika\Desktop\072bct522Assignment2\jfreechart-1.0.19\jfreechart-1.0.19\lib\orsoncharts-1.4-eval-nofx.jar;C:\Users\Deepika\Desktop\072bct522Assignment2\jfreechart-1.0.19\jfreechart-1.0.19\lib\orsonpdf-1.6-eval.jar;C:\Users\Deepika\Desktop\072bct522Assignment2\jfreechart-1.0.19\jfreechart-1.0.19\lib\jfreechart-1.0.19-experimental.jar;C:\Users\Deepika\Desktop\072bct522Assignment2\jfreechart-1.0.19\jfreechart-1.0.19\jfreechart-1.0.19-demo.jar
Launcher Type: SUN_STANDARD

Logging:
Log output configuration:
#0: stdout all=warning uptime,level,tags
#1: stderr all=off uptime,level,tags

Environment Variables:
JAVA_HOME=C:\Program Files\Java\jdk-9.0.1
PATH=C:\Program Files (x86)\Common Files\Oracle\Java\javapath;C:\ProgramData\Oracle\Java\javapath;C:\WINDOWS\system32;C:\WINDOWS;C:\WINDOWS\System32\Wbem;C:\WINDOWS\System32\WindowsPowerShell\v1.0\;C:\xampp\php;C:\WINDOWS\System32\OpenSSH\;C:\Program Files\Java\jdk-9.0.1\bin;C:\Users\Deepika\Anaconda2;C:\Users\Deepika\Anaconda2\Scripts;C:\Users\Deepika\Anaconda2\Library\bin;C:\Users\Deepika\AppData\Local\Programs\Python\Python36-32\Scripts\;C:\Users\Deepika\AppData\Local\Programs\Python\Python36-32\;C:\Users\Deepika\AppData\Local\Microsoft\WindowsApps
USERNAME=Deepika
OS=Windows_NT
PROCESSOR_IDENTIFIER=Intel64 Family 6 Model 69 Stepping 1, GenuineIntel



---------------  S Y S T E M  ---------------

OS: Windows 10 , 64 bit Build 17134 (10.0.17134.1)

CPU:total 4 (initial active 4) (2 cores per cpu, 2 threads per core) family 6 model 69 stepping 1, cmov, cx8, fxsr, mmx, sse, sse2, sse3, ssse3, sse4.1, sse4.2, popcnt, avx, avx2, aes, clmul, erms, lzcnt, ht, tsc, tscinvbit, bmi1, bmi2, fma

Memory: 4k page, physical 4119916k(1074980k free), swap 7245192k(4528k free)

vm_info: Java HotSpot(TM) 64-Bit Server VM (9.0.1+11) for windows-amd64 JRE (9.0.1+11), built on Sep 28 2017 04:54:03 by "mach5one" with MS VC++ 12.0 (VS2013)

END.
